2024-04-04 00:12:41.061 DEBUG 8592 --- [http-nio-80-exec-9] c.t.controllers.PublicViewController     : Visited Homepage: IP - 185.224.128.38, browser - Hello World/1.0, OS - Windows 10
2024-04-04 00:20:51.303 DEBUG 8592 --- [http-nio-80-exec-3] c.t.controllers.PublicViewController     : Visited Homepage: IP - 185.224.128.38, browser - Hello World/1.0, OS - Windows 10
2024-04-04 00:20:54.821 DEBUG 8592 --- [http-nio-80-exec-4] c.t.controllers.PublicViewController     : Visited Homepage: IP - 185.224.128.43, browser - Mozilla/5.0 (Windows NT 10.0; Win64; x64) AppleWebKit/537.36 (KHTML, like Gecko) Chrome/90.0.4430.85 Safari/537.36 Edg/90.0.818.46, OS - Windows 10
2024-04-04 00:32:05.852  INFO 8592 --- [http-nio-80-exec-7] o.apache.coyote.http11.Http11Processor   : Error parsing HTTP request header
 Note: further occurrences of HTTP header parsing errors will be logged at DEBUG level.

java.lang.IllegalArgumentException: Invalid character found in method name. HTTP method names must be tokens
	at org.apache.coyote.http11.Http11InputBuffer.parseRequestLine(Http11InputBuffer.java:426) ~[tomcat-embed-core-8.5.29.jar:8.5.29]
	at org.apache.coyote.http11.Http11Processor.service(Http11Processor.java:687) ~[tomcat-embed-core-8.5.29.jar:8.5.29]
	at org.apache.coyote.AbstractProcessorLight.process(AbstractProcessorLight.java:66) [tomcat-embed-core-8.5.29.jar:8.5.29]
	at org.apache.coyote.AbstractProtocol$ConnectionHandler.process(AbstractProtocol.java:790) [tomcat-embed-core-8.5.29.jar:8.5.29]
	at org.apache.tomcat.util.net.NioEndpoint$SocketProcessor.doRun(NioEndpoint.java:1459) [tomcat-embed-core-8.5.29.jar:8.5.29]
	at org.apache.tomcat.util.net.SocketProcessorBase.run(SocketProcessorBase.java:49) [tomcat-embed-core-8.5.29.jar:8.5.29]
	at java.util.concurrent.ThreadPoolExecutor.runWorker(ThreadPoolExecutor.java:1149) [na:1.8.0_192]
	at java.util.concurrent.ThreadPoolExecutor$Worker.run(ThreadPoolExecutor.java:624) [na:1.8.0_192]
	at org.apache.tomcat.util.threads.TaskThread$WrappingRunnable.run(TaskThread.java:61) [tomcat-embed-core-8.5.29.jar:8.5.29]
	at java.lang.Thread.run(Thread.java:748) [na:1.8.0_192]

2024-04-04 00:32:16.146 DEBUG 8592 --- [http-nio-80-exec-8] c.t.controllers.PublicViewController     : Visited Homepage: IP - 146.19.24.28, browser - null, OS - Windows 10
2024-04-04 00:34:23.529 DEBUG 8592 --- [http-nio-80-exec-10] c.t.controllers.PublicViewController     : Visited Homepage: IP - 185.224.128.38, browser - Hello World/1.0, OS - Windows 10
2024-04-04 00:46:26.402 DEBUG 8592 --- [http-nio-80-exec-2] c.t.controllers.PublicViewController     : Visited Homepage: IP - 185.224.128.38, browser - Hello World/1.0, OS - Windows 10
2024-04-04 00:54:06.377 DEBUG 8592 --- [http-nio-80-exec-6] c.t.controllers.PublicViewController     : Visited Homepage: IP - 80.94.92.60, browser - Mozilla/5.0 (Windows NT 10.0; Win64; x64) AppleWebKit/537.36 (KHTML, like Gecko) Chrome/90.0.4430.85 Safari/537.36 Edg/90.0.818.46, OS - Windows 10
2024-04-04 01:00:18.658 DEBUG 8592 --- [http-nio-80-exec-8] c.t.controllers.PublicViewController     : Visited Homepage: IP - 185.224.128.38, browser - Hello World/1.0, OS - Windows 10
2024-04-04 01:12:00.879 DEBUG 8592 --- [http-nio-80-exec-10] c.t.controllers.PublicViewController     : Visited Homepage: IP - 185.224.128.38, browser - Hello World/1.0, OS - Windows 10
2024-04-04 01:20:47.511 DEBUG 8592 --- [http-nio-80-exec-2] c.t.controllers.PublicViewController     : Visited Homepage: IP - 185.224.128.38, browser - Hello World/1.0, OS - Windows 10
2024-04-04 05:13:00.129  WARN 8592 --- [HikariPool-1 housekeeper] com.zaxxer.hikari.pool.HikariPool        : HikariPool-1 - Thread starvation or clock leap detected (housekeeper delta=3h47m25s190ms311µs).
2024-04-04 05:15:24.847 DEBUG 8592 --- [http-nio-80-exec-5] c.t.controllers.PublicViewController     : Visited Homepage: IP - 201.82.213.223, browser - null, OS - Windows 10
2024-04-04 05:21:01.580  INFO 8592 --- [Thread-8] ConfigServletWebServerApplicationContext : Closing org.springframework.boot.web.servlet.context.AnnotationConfigServletWebServerApplicationContext@33e2bdb6: startup date [Wed Apr 03 22:00:54 IST 2024]; root of context hierarchy
2024-04-04 05:21:01.580  INFO 8592 --- [Thread-8] o.s.j.e.a.AnnotationMBeanExporter        : Unregistering JMX-exposed beans on shutdown
2024-04-04 05:21:01.580  INFO 8592 --- [Thread-8] o.s.j.e.a.AnnotationMBeanExporter        : Unregistering JMX-exposed beans
2024-04-04 05:21:01.596  INFO 8592 --- [Thread-8] j.LocalContainerEntityManagerFactoryBean : Closing JPA EntityManagerFactory for persistence unit 'default'
2024-04-04 05:21:01.611  INFO 8592 --- [Thread-8] com.zaxxer.hikari.HikariDataSource       : HikariPool-1 - Shutdown initiated...
2024-04-04 05:21:01.611  INFO 8592 --- [Thread-8] com.zaxxer.hikari.HikariDataSource       : HikariPool-1 - Shutdown completed.
2024-04-04 05:21:02.253  INFO 8592 --- [restartedMain] c.t.w.WealthmanagementApplication        : Starting WealthmanagementApplication on HPSpectre with PID 8592 (C:\MyDocuments\03Business\02workspace\timelineofwealth\target\classes started by Sudhir Kulaye in C:\MyDocuments\03Business\02workspace\timelineofwealth)
2024-04-04 05:21:02.253 DEBUG 8592 --- [restartedMain] c.t.w.WealthmanagementApplication        : Running with Spring Boot v2.0.1.RELEASE, Spring v5.0.5.RELEASE
2024-04-04 05:21:02.253  INFO 8592 --- [restartedMain] c.t.w.WealthmanagementApplication        : No active profile set, falling back to default profiles: default
2024-04-04 05:21:02.253  INFO 8592 --- [restartedMain] ConfigServletWebServerApplicationContext : Refreshing org.springframework.boot.web.servlet.context.AnnotationConfigServletWebServerApplicationContext@33272b38: startup date [Thu Apr 04 05:21:02 IST 2024]; root of context hierarchy
2024-04-04 05:21:04.911  INFO 8592 --- [restartedMain] o.s.b.f.s.DefaultListableBeanFactory     : Overriding bean definition for bean 'httpRequestHandlerAdapter' with a different definition: replacing [Root bean: class [null]; scope=; abstract=false; lazyInit=false; autowireMode=3; dependencyCheck=0; autowireCandidate=true; primary=false; factoryBeanName=org.springframework.boot.autoconfigure.web.servlet.WebMvcAutoConfiguration$EnableWebMvcConfiguration; factoryMethodName=httpRequestHandlerAdapter; initMethodName=null; destroyMethodName=(inferred); defined in class path resource [org/springframework/boot/autoconfigure/web/servlet/WebMvcAutoConfiguration$EnableWebMvcConfiguration.class]] with [Root bean: class [null]; scope=; abstract=false; lazyInit=false; autowireMode=3; dependencyCheck=0; autowireCandidate=true; primary=false; factoryBeanName=org.springframework.data.rest.webmvc.config.RepositoryRestMvcConfiguration; factoryMethodName=httpRequestHandlerAdapter; initMethodName=null; destroyMethodName=(inferred); defined in class path resource [org/springframework/data/rest/webmvc/config/RepositoryRestMvcConfiguration.class]]
2024-04-04 05:21:05.067  INFO 8592 --- [restartedMain] trationDelegate$BeanPostProcessorChecker : Bean 'org.springframework.transaction.annotation.ProxyTransactionManagementConfiguration' of type [org.springframework.transaction.annotation.ProxyTransactionManagementConfiguration$$EnhancerBySpringCGLIB$$207b8867] is not eligible for getting processed by all BeanPostProcessors (for example: not eligible for auto-proxying)
2024-04-04 05:21:05.083  INFO 8592 --- [restartedMain] trationDelegate$BeanPostProcessorChecker : Bean 'org.springframework.cache.annotation.ProxyCachingConfiguration' of type [org.springframework.cache.annotation.ProxyCachingConfiguration$$EnhancerBySpringCGLIB$$698dbe85] is not eligible for getting processed by all BeanPostProcessors (for example: not eligible for auto-proxying)
2024-04-04 05:21:05.083  INFO 8592 --- [restartedMain] trationDelegate$BeanPostProcessorChecker : Bean 'org.springframework.boot.autoconfigure.cache.CacheAutoConfiguration' of type [org.springframework.boot.autoconfigure.cache.CacheAutoConfiguration$$EnhancerBySpringCGLIB$$5e018329] is not eligible for getting processed by all BeanPostProcessors (for example: not eligible for auto-proxying)
2024-04-04 05:21:05.099  INFO 8592 --- [restartedMain] trationDelegate$BeanPostProcessorChecker : Bean 'org.springframework.boot.context.properties.ConversionServiceDeducer$Factory' of type [org.springframework.boot.context.properties.ConversionServiceDeducer$Factory] is not eligible for getting processed by all BeanPostProcessors (for example: not eligible for auto-proxying)
2024-04-04 05:21:05.099  INFO 8592 --- [restartedMain] trationDelegate$BeanPostProcessorChecker : Bean 'spring.cache-org.springframework.boot.autoconfigure.cache.CacheProperties' of type [org.springframework.boot.autoconfigure.cache.CacheProperties] is not eligible for getting processed by all BeanPostProcessors (for example: not eligible for auto-proxying)
2024-04-04 05:21:05.099  INFO 8592 --- [restartedMain] trationDelegate$BeanPostProcessorChecker : Bean 'cacheManagerCustomizers' of type [org.springframework.boot.autoconfigure.cache.CacheManagerCustomizers] is not eligible for getting processed by all BeanPostProcessors (for example: not eligible for auto-proxying)
2024-04-04 05:21:05.099  INFO 8592 --- [restartedMain] trationDelegate$BeanPostProcessorChecker : Bean 'org.springframework.boot.autoconfigure.cache.SimpleCacheConfiguration' of type [org.springframework.boot.autoconfigure.cache.SimpleCacheConfiguration$$EnhancerBySpringCGLIB$$ff9cf60a] is not eligible for getting processed by all BeanPostProcessors (for example: not eligible for auto-proxying)
2024-04-04 05:21:05.099  INFO 8592 --- [restartedMain] trationDelegate$BeanPostProcessorChecker : Bean 'cacheManager' of type [org.springframework.cache.concurrent.ConcurrentMapCacheManager] is not eligible for getting processed by all BeanPostProcessors (for example: not eligible for auto-proxying)
2024-04-04 05:21:05.114  INFO 8592 --- [restartedMain] trationDelegate$BeanPostProcessorChecker : Bean 'cacheAutoConfigurationValidator' of type [org.springframework.boot.autoconfigure.cache.CacheAutoConfiguration$CacheManagerValidator] is not eligible for getting processed by all BeanPostProcessors (for example: not eligible for auto-proxying)
2024-04-04 05:21:05.458  INFO 8592 --- [restartedMain] o.s.b.w.embedded.tomcat.TomcatWebServer  : Tomcat initialized with port(s): 80 (http)
2024-04-04 05:21:05.458  INFO 8592 --- [restartedMain] o.apache.catalina.core.StandardService   : Starting service [Tomcat]
2024-04-04 05:21:05.458  INFO 8592 --- [restartedMain] org.apache.catalina.core.StandardEngine  : Starting Servlet Engine: Apache Tomcat/8.5.29
2024-04-04 05:21:05.552  INFO 8592 --- [localhost-startStop-1] o.a.c.c.C.[Tomcat].[localhost].[/]       : Initializing Spring embedded WebApplicationContext
2024-04-04 05:21:06.676  INFO 8592 --- [localhost-startStop-1] o.s.b.w.servlet.FilterRegistrationBean   : Mapping filter: 'characterEncodingFilter' to: [/*]
2024-04-04 05:21:06.676  INFO 8592 --- [localhost-startStop-1] o.s.b.w.servlet.FilterRegistrationBean   : Mapping filter: 'hiddenHttpMethodFilter' to: [/*]
2024-04-04 05:21:06.676  INFO 8592 --- [localhost-startStop-1] o.s.b.w.servlet.FilterRegistrationBean   : Mapping filter: 'httpPutFormContentFilter' to: [/*]
2024-04-04 05:21:06.676  INFO 8592 --- [localhost-startStop-1] o.s.b.w.servlet.FilterRegistrationBean   : Mapping filter: 'requestContextFilter' to: [/*]
2024-04-04 05:21:06.676  INFO 8592 --- [localhost-startStop-1] .s.DelegatingFilterProxyRegistrationBean : Mapping filter: 'springSecurityFilterChain' to: [/*]
2024-04-04 05:21:06.676  INFO 8592 --- [localhost-startStop-1] o.s.b.w.servlet.FilterRegistrationBean   : Mapping filter: 'httpTraceFilter' to: [/*]
2024-04-04 05:21:06.676  INFO 8592 --- [localhost-startStop-1] o.s.b.w.servlet.FilterRegistrationBean   : Mapping filter: 'webMvcMetricsFilter' to: [/*]
2024-04-04 05:21:06.676  INFO 8592 --- [localhost-startStop-1] o.s.b.w.servlet.ServletRegistrationBean  : Servlet dispatcherServlet mapped to [/]
2024-04-04 05:21:06.754  INFO 8592 --- [restartedMain] com.zaxxer.hikari.HikariDataSource       : HikariPool-2 - Starting...
2024-04-04 05:21:06.754  INFO 8592 --- [restartedMain] com.zaxxer.hikari.HikariDataSource       : HikariPool-2 - Start completed.
2024-04-04 05:21:06.864  INFO 8592 --- [restartedMain] j.LocalContainerEntityManagerFactoryBean : Building JPA container EntityManagerFactory for persistence unit 'default'
2024-04-04 05:21:06.879  INFO 8592 --- [restartedMain] o.hibernate.jpa.internal.util.LogHelper  : HHH000204: Processing PersistenceUnitInfo [
	name: default
	...]
2024-04-04 05:21:08.083  INFO 8592 --- [restartedMain] org.hibernate.dialect.Dialect            : HHH000400: Using dialect: org.hibernate.dialect.MySQL5Dialect
2024-04-04 05:21:08.208  WARN 8592 --- [restartedMain] org.hibernate.mapping.RootClass          : HHH000038: Composite-id class does not override equals(): com.timelineofwealth.entities.CompositeConstituents$CompositeConstituentsKey
2024-04-04 05:21:08.208  WARN 8592 --- [restartedMain] org.hibernate.mapping.RootClass          : HHH000039: Composite-id class does not override hashCode(): com.timelineofwealth.entities.CompositeConstituents$CompositeConstituentsKey
2024-04-04 05:21:08.208  WARN 8592 --- [restartedMain] org.hibernate.mapping.RootClass          : HHH000038: Composite-id class does not override equals(): com.timelineofwealth.entities.WealthAssetAllocationHistory$WealthAssetAllocationHistoryKey
2024-04-04 05:21:08.208  WARN 8592 --- [restartedMain] org.hibernate.mapping.RootClass          : HHH000039: Composite-id class does not override hashCode(): com.timelineofwealth.entities.WealthAssetAllocationHistory$WealthAssetAllocationHistoryKey
2024-04-04 05:21:08.208  WARN 8592 --- [restartedMain] org.hibernate.mapping.RootClass          : HHH000038: Composite-id class does not override equals(): com.timelineofwealth.entities.BsePriceHistory$BsePriceHistoryKey
2024-04-04 05:21:08.208  WARN 8592 --- [restartedMain] org.hibernate.mapping.RootClass          : HHH000039: Composite-id class does not override hashCode(): com.timelineofwealth.entities.BsePriceHistory$BsePriceHistoryKey
2024-04-04 05:21:08.208  WARN 8592 --- [restartedMain] org.hibernate.mapping.RootClass          : HHH000038: Composite-id class does not override equals(): com.timelineofwealth.entities.StockBalancesheet$StockBalancesheetKey
2024-04-04 05:21:08.208  WARN 8592 --- [restartedMain] org.hibernate.mapping.RootClass          : HHH000039: Composite-id class does not override hashCode(): com.timelineofwealth.entities.StockBalancesheet$StockBalancesheetKey
2024-04-04 05:21:08.208  WARN 8592 --- [restartedMain] org.hibernate.mapping.RootClass          : HHH000038: Composite-id class does not override equals(): com.timelineofwealth.entities.DailyDataS$DailyDataSKey
2024-04-04 05:21:08.208  WARN 8592 --- [restartedMain] org.hibernate.mapping.RootClass          : HHH000039: Composite-id class does not override hashCode(): com.timelineofwealth.entities.DailyDataS$DailyDataSKey
2024-04-04 05:21:08.208  WARN 8592 --- [restartedMain] org.hibernate.mapping.RootClass          : HHH000038: Composite-id class does not override equals(): com.timelineofwealth.entities.Portfolio$PortfolioKey
2024-04-04 05:21:08.208  WARN 8592 --- [restartedMain] org.hibernate.mapping.RootClass          : HHH000039: Composite-id class does not override hashCode(): com.timelineofwealth.entities.Portfolio$PortfolioKey
2024-04-04 05:21:08.208  WARN 8592 --- [restartedMain] org.hibernate.mapping.RootClass          : HHH000038: Composite-id class does not override equals(): com.timelineofwealth.entities.NsePriceHistory$NsePriceHistoryKey
2024-04-04 05:21:08.208  WARN 8592 --- [restartedMain] org.hibernate.mapping.RootClass          : HHH000039: Composite-id class does not override hashCode(): com.timelineofwealth.entities.NsePriceHistory$NsePriceHistoryKey
2024-04-04 05:21:08.208  WARN 8592 --- [restartedMain] org.hibernate.mapping.RootClass          : HHH000038: Composite-id class does not override equals(): com.timelineofwealth.entities.StockQuarter$StockQuarterKey
2024-04-04 05:21:08.208  WARN 8592 --- [restartedMain] org.hibernate.mapping.RootClass          : HHH000039: Composite-id class does not override hashCode(): com.timelineofwealth.entities.StockQuarter$StockQuarterKey
2024-04-04 05:21:08.208  WARN 8592 --- [restartedMain] org.hibernate.mapping.RootClass          : HHH000038: Composite-id class does not override equals(): com.timelineofwealth.entities.Sip$SipKey
2024-04-04 05:21:08.208  WARN 8592 --- [restartedMain] org.hibernate.mapping.RootClass          : HHH000039: Composite-id class does not override hashCode(): com.timelineofwealth.entities.Sip$SipKey
2024-04-04 05:21:08.208  WARN 8592 --- [restartedMain] org.hibernate.mapping.RootClass          : HHH000038: Composite-id class does not override equals(): com.timelineofwealth.entities.MutualFundNavHistory$MutualFundNavHistoryKey
2024-04-04 05:21:08.224  WARN 8592 --- [restartedMain] org.hibernate.mapping.RootClass          : HHH000039: Composite-id class does not override hashCode(): com.timelineofwealth.entities.MutualFundNavHistory$MutualFundNavHistoryKey
2024-04-04 05:21:08.224  WARN 8592 --- [restartedMain] org.hibernate.mapping.RootClass          : HHH000038: Composite-id class does not override equals(): com.timelineofwealth.entities.PortfolioReturnsCalculationSupport$PortfolioReturnsCalculationSupportKey
2024-04-04 05:21:08.224  WARN 8592 --- [restartedMain] org.hibernate.mapping.RootClass          : HHH000039: Composite-id class does not override hashCode(): com.timelineofwealth.entities.PortfolioReturnsCalculationSupport$PortfolioReturnsCalculationSupportKey
2024-04-04 05:21:08.224  WARN 8592 --- [restartedMain] org.hibernate.mapping.RootClass          : HHH000038: Composite-id class does not override equals(): com.timelineofwealth.entities.PortfolioCashflow$PortfolioCashflowKey
2024-04-04 05:21:08.224  WARN 8592 --- [restartedMain] org.hibernate.mapping.RootClass          : HHH000039: Composite-id class does not override hashCode(): com.timelineofwealth.entities.PortfolioCashflow$PortfolioCashflowKey
2024-04-04 05:21:08.224  WARN 8592 --- [restartedMain] org.hibernate.mapping.RootClass          : HHH000038: Composite-id class does not override equals(): com.timelineofwealth.entities.IndexMonthlyReturns$IndexMonthlyReturnsKey
2024-04-04 05:21:08.224  WARN 8592 --- [restartedMain] org.hibernate.mapping.RootClass          : HHH000039: Composite-id class does not override hashCode(): com.timelineofwealth.entities.IndexMonthlyReturns$IndexMonthlyReturnsKey
2024-04-04 05:21:08.224  WARN 8592 --- [restartedMain] org.hibernate.mapping.RootClass          : HHH000038: Composite-id class does not override equals(): com.timelineofwealth.entities.PortfolioTwrrSummary$PortfolioTwrrSummaryKey
2024-04-04 05:21:08.224  WARN 8592 --- [restartedMain] org.hibernate.mapping.RootClass          : HHH000039: Composite-id class does not override hashCode(): com.timelineofwealth.entities.PortfolioTwrrSummary$PortfolioTwrrSummaryKey
2024-04-04 05:21:08.224  WARN 8592 --- [restartedMain] org.hibernate.mapping.RootClass          : HHH000038: Composite-id class does not override equals(): com.timelineofwealth.entities.PortfolioHoldings$PortfolioHoldingsKey
2024-04-04 05:21:08.224  WARN 8592 --- [restartedMain] org.hibernate.mapping.RootClass          : HHH000039: Composite-id class does not override hashCode(): com.timelineofwealth.entities.PortfolioHoldings$PortfolioHoldingsKey
2024-04-04 05:21:08.224  WARN 8592 --- [restartedMain] org.hibernate.mapping.RootClass          : HHH000038: Composite-id class does not override equals(): com.timelineofwealth.entities.StockCashflow$StockCashflowKey
2024-04-04 05:21:08.224  WARN 8592 --- [restartedMain] org.hibernate.mapping.RootClass          : HHH000039: Composite-id class does not override hashCode(): com.timelineofwealth.entities.StockCashflow$StockCashflowKey
2024-04-04 05:21:08.224  WARN 8592 --- [restartedMain] org.hibernate.mapping.RootClass          : HHH000038: Composite-id class does not override equals(): com.timelineofwealth.entities.MOSLTransaction$MOSLTransactionKey
2024-04-04 05:21:08.224  WARN 8592 --- [restartedMain] org.hibernate.mapping.RootClass          : HHH000039: Composite-id class does not override hashCode(): com.timelineofwealth.entities.MOSLTransaction$MOSLTransactionKey
2024-04-04 05:21:08.224  WARN 8592 --- [restartedMain] org.hibernate.mapping.RootClass          : HHH000038: Composite-id class does not override equals(): com.timelineofwealth.entities.IndexValuation$IndexValuationKey
2024-04-04 05:21:08.224  WARN 8592 --- [restartedMain] org.hibernate.mapping.RootClass          : HHH000039: Composite-id class does not override hashCode(): com.timelineofwealth.entities.IndexValuation$IndexValuationKey
2024-04-04 05:21:08.224  WARN 8592 --- [restartedMain] org.hibernate.mapping.RootClass          : HHH000038: Composite-id class does not override equals(): com.timelineofwealth.entities.StockAnalystReco$StockAnalystRecoKey
2024-04-04 05:21:08.224  WARN 8592 --- [restartedMain] org.hibernate.mapping.RootClass          : HHH000039: Composite-id class does not override hashCode(): com.timelineofwealth.entities.StockAnalystReco$StockAnalystRecoKey
2024-04-04 05:21:08.240  WARN 8592 --- [restartedMain] org.hibernate.mapping.RootClass          : HHH000038: Composite-id class does not override equals(): com.timelineofwealth.entities.AdviserUserMapping$AdviserUserMappingKey
2024-04-04 05:21:08.240  WARN 8592 --- [restartedMain] org.hibernate.mapping.RootClass          : HHH000039: Composite-id class does not override hashCode(): com.timelineofwealth.entities.AdviserUserMapping$AdviserUserMappingKey
2024-04-04 05:21:08.240  WARN 8592 --- [restartedMain] org.hibernate.mapping.RootClass          : HHH000038: Composite-id class does not override equals(): com.timelineofwealth.entities.Insurance$InsuranceKey
2024-04-04 05:21:08.240  WARN 8592 --- [restartedMain] org.hibernate.mapping.RootClass          : HHH000039: Composite-id class does not override hashCode(): com.timelineofwealth.entities.Insurance$InsuranceKey
2024-04-04 05:21:08.240  WARN 8592 --- [restartedMain] org.hibernate.mapping.RootClass          : HHH000038: Composite-id class does not override equals(): com.timelineofwealth.entities.IncomeExpenseSavings$IncomeExpenseSavingsKey
2024-04-04 05:21:08.240  WARN 8592 --- [restartedMain] org.hibernate.mapping.RootClass          : HHH000039: Composite-id class does not override hashCode(): com.timelineofwealth.entities.IncomeExpenseSavings$IncomeExpenseSavingsKey
2024-04-04 05:21:08.240  WARN 8592 --- [restartedMain] org.hibernate.mapping.RootClass          : HHH000038: Composite-id class does not override equals(): com.timelineofwealth.entities.PortfolioTwrrMonthly$PortfolioTwrrMonthlyKey
2024-04-04 05:21:08.240  WARN 8592 --- [restartedMain] org.hibernate.mapping.RootClass          : HHH000039: Composite-id class does not override hashCode(): com.timelineofwealth.entities.PortfolioTwrrMonthly$PortfolioTwrrMonthlyKey
2024-04-04 05:21:08.240  WARN 8592 --- [restartedMain] org.hibernate.mapping.RootClass          : HHH000038: Composite-id class does not override equals(): com.timelineofwealth.entities.WealthHistory$WealthHistoryKey
2024-04-04 05:21:08.240  WARN 8592 --- [restartedMain] org.hibernate.mapping.RootClass          : HHH000039: Composite-id class does not override hashCode(): com.timelineofwealth.entities.WealthHistory$WealthHistoryKey
2024-04-04 05:21:08.240  WARN 8592 --- [restartedMain] org.hibernate.mapping.RootClass          : HHH000038: Composite-id class does not override equals(): com.timelineofwealth.entities.BenchmarkTwrrMonthly$BenchmarkTwrrMonthlyKey
2024-04-04 05:21:08.240  WARN 8592 --- [restartedMain] org.hibernate.mapping.RootClass          : HHH000039: Composite-id class does not override hashCode(): com.timelineofwealth.entities.BenchmarkTwrrMonthly$BenchmarkTwrrMonthlyKey
2024-04-04 05:21:08.240  WARN 8592 --- [restartedMain] org.hibernate.mapping.RootClass          : HHH000038: Composite-id class does not override equals(): com.timelineofwealth.entities.StockPriceMovementHistory$StockPriceMovementHistoryKey
2024-04-04 05:21:08.240  WARN 8592 --- [restartedMain] org.hibernate.mapping.RootClass          : HHH000039: Composite-id class does not override hashCode(): com.timelineofwealth.entities.StockPriceMovementHistory$StockPriceMovementHistoryKey
2024-04-04 05:21:08.240  WARN 8592 --- [restartedMain] org.hibernate.mapping.RootClass          : HHH000038: Composite-id class does not override equals(): com.timelineofwealth.entities.Liquidity$LiquidityKey
2024-04-04 05:21:08.240  WARN 8592 --- [restartedMain] org.hibernate.mapping.RootClass          : HHH000039: Composite-id class does not override hashCode(): com.timelineofwealth.entities.Liquidity$LiquidityKey
2024-04-04 05:21:08.240  WARN 8592 --- [restartedMain] org.hibernate.mapping.RootClass          : HHH000038: Composite-id class does not override equals(): com.timelineofwealth.entities.PortfolioHistoricalHoldings$PortfolioHistoricalHoldingsKey
2024-04-04 05:21:08.240  WARN 8592 --- [restartedMain] org.hibernate.mapping.RootClass          : HHH000039: Composite-id class does not override hashCode(): com.timelineofwealth.entities.PortfolioHistoricalHoldings$PortfolioHistoricalHoldingsKey
2024-04-04 05:21:08.255  WARN 8592 --- [restartedMain] org.hibernate.mapping.RootClass          : HHH000038: Composite-id class does not override equals(): com.timelineofwealth.entities.Liability$LiabilityKey
2024-04-04 05:21:08.255  WARN 8592 --- [restartedMain] org.hibernate.mapping.RootClass          : HHH000039: Composite-id class does not override hashCode(): com.timelineofwealth.entities.Liability$LiabilityKey
2024-04-04 05:21:08.255  WARN 8592 --- [restartedMain] org.hibernate.mapping.RootClass          : HHH000038: Composite-id class does not override equals(): com.timelineofwealth.entities.DailyDataB$DailyDataBKey
2024-04-04 05:21:08.255  WARN 8592 --- [restartedMain] org.hibernate.mapping.RootClass          : HHH000039: Composite-id class does not override hashCode(): com.timelineofwealth.entities.DailyDataB$DailyDataBKey
2024-04-04 05:21:08.255  WARN 8592 --- [restartedMain] org.hibernate.mapping.RootClass          : HHH000038: Composite-id class does not override equals(): com.timelineofwealth.entities.StockValuation$StockValuationKey
2024-04-04 05:21:08.255  WARN 8592 --- [restartedMain] org.hibernate.mapping.RootClass          : HHH000039: Composite-id class does not override hashCode(): com.timelineofwealth.entities.StockValuation$StockValuationKey
2024-04-04 05:21:08.255  WARN 8592 --- [restartedMain] org.hibernate.mapping.RootClass          : HHH000038: Composite-id class does not override equals(): com.timelineofwealth.entities.StockPnl$StockPnlKey
2024-04-04 05:21:08.255  WARN 8592 --- [restartedMain] org.hibernate.mapping.RootClass          : HHH000039: Composite-id class does not override hashCode(): com.timelineofwealth.entities.StockPnl$StockPnlKey
2024-04-04 05:21:08.255  WARN 8592 --- [restartedMain] org.hibernate.mapping.RootClass          : HHH000038: Composite-id class does not override equals(): com.timelineofwealth.entities.WealthDetails$WealthDetailsKey
2024-04-04 05:21:08.255  WARN 8592 --- [restartedMain] org.hibernate.mapping.RootClass          : HHH000039: Composite-id class does not override hashCode(): com.timelineofwealth.entities.WealthDetails$WealthDetailsKey
2024-04-04 05:21:08.771  INFO 8592 --- [restartedMain] j.LocalContainerEntityManagerFactoryBean : Initialized JPA EntityManagerFactory for persistence unit 'default'
2024-04-04 05:21:09.490  INFO 8592 --- [restartedMain] o.h.h.i.QueryTranslatorFactoryInitiator  : HHH000397: Using ASTQueryTranslatorFactory
2024-04-04 05:21:09.662  WARN 8592 --- [restartedMain] f.a.AutowiredAnnotationBeanPostProcessor : Autowired annotation is not supported on static fields: private static com.timelineofwealth.repositories.AdviserUserMappingRepository com.timelineofwealth.service.AdminService.adviserUserMappingRepository
2024-04-04 05:21:09.693  WARN 8592 --- [restartedMain] f.a.AutowiredAnnotationBeanPostProcessor : Autowired annotation is not supported on static fields: private static com.timelineofwealth.repositories.AdviserUserMappingRepository com.timelineofwealth.service.AdviserService.adviserUserMappingRepository
2024-04-04 05:21:09.693  WARN 8592 --- [restartedMain] f.a.AutowiredAnnotationBeanPostProcessor : Autowired annotation is not supported on static fields: private static com.timelineofwealth.repositories.WealthDetailsRepository com.timelineofwealth.service.AdviserService.wealthDetailsRepository
2024-04-04 05:21:09.693  WARN 8592 --- [restartedMain] f.a.AutowiredAnnotationBeanPostProcessor : Autowired annotation is not supported on static fields: private static com.timelineofwealth.repositories.PortfolioRepository com.timelineofwealth.service.AdviserService.portfolioRepository
2024-04-04 05:21:09.693  WARN 8592 --- [restartedMain] f.a.AutowiredAnnotationBeanPostProcessor : Autowired annotation is not supported on static fields: private static com.timelineofwealth.repositories.CompositeRepository com.timelineofwealth.service.AdviserService.compositeRepository
2024-04-04 05:21:09.693  WARN 8592 --- [restartedMain] f.a.AutowiredAnnotationBeanPostProcessor : Autowired annotation is not supported on static fields: private static com.timelineofwealth.repositories.CompositeConstituentsRepository com.timelineofwealth.service.AdviserService.compositeConstituentsRepository
2024-04-04 05:21:09.693  WARN 8592 --- [restartedMain] f.a.AutowiredAnnotationBeanPostProcessor : Autowired annotation is not supported on static fields: private static com.timelineofwealth.repositories.MoslcodeMemberidRepository com.timelineofwealth.service.AdviserService.moslcodeMemberidRepository
2024-04-04 05:21:09.833  WARN 8592 --- [restartedMain] f.a.AutowiredAnnotationBeanPostProcessor : Autowired annotation is not supported on static fields: private static com.timelineofwealth.repositories.UserRepository com.timelineofwealth.service.CommonService.userRepository
2024-04-04 05:21:09.833  WARN 8592 --- [restartedMain] f.a.AutowiredAnnotationBeanPostProcessor : Autowired annotation is not supported on static fields: private static com.timelineofwealth.repositories.AssetClassificationRepository com.timelineofwealth.service.CommonService.assetClassificationRepository
2024-04-04 05:21:09.833  WARN 8592 --- [restartedMain] f.a.AutowiredAnnotationBeanPostProcessor : Autowired annotation is not supported on static fields: private static com.timelineofwealth.repositories.SubindustryRepository com.timelineofwealth.service.CommonService.subindustryRepository
2024-04-04 05:21:09.833  WARN 8592 --- [restartedMain] f.a.AutowiredAnnotationBeanPostProcessor : Autowired annotation is not supported on static fields: private static com.timelineofwealth.repositories.MutualFundUniverseRepository com.timelineofwealth.service.CommonService.mutualFundUniverseRepository
2024-04-04 05:21:09.833  WARN 8592 --- [restartedMain] f.a.AutowiredAnnotationBeanPostProcessor : Autowired annotation is not supported on static fields: private static com.timelineofwealth.repositories.MutualFundStatsRepository com.timelineofwealth.service.CommonService.mutualFundStatsRepository
2024-04-04 05:21:09.833  WARN 8592 --- [restartedMain] f.a.AutowiredAnnotationBeanPostProcessor : Autowired annotation is not supported on static fields: private static com.timelineofwealth.repositories.StockUniverseRepository com.timelineofwealth.service.CommonService.stockUniverseRepository
2024-04-04 05:21:09.833  WARN 8592 --- [restartedMain] f.a.AutowiredAnnotationBeanPostProcessor : Autowired annotation is not supported on static fields: private static com.timelineofwealth.repositories.StockAnalystRecoRepository com.timelineofwealth.service.CommonService.stockAnalystRecoRepository
2024-04-04 05:21:09.833  WARN 8592 --- [restartedMain] f.a.AutowiredAnnotationBeanPostProcessor : Autowired annotation is not supported on static fields: private static com.timelineofwealth.repositories.StockValuationRepository com.timelineofwealth.service.CommonService.stockValuationRepository
2024-04-04 05:21:09.833  WARN 8592 --- [restartedMain] f.a.AutowiredAnnotationBeanPostProcessor : Autowired annotation is not supported on static fields: private static com.timelineofwealth.repositories.StockPnlRepository com.timelineofwealth.service.CommonService.stockPnlRepository
2024-04-04 05:21:09.833  WARN 8592 --- [restartedMain] f.a.AutowiredAnnotationBeanPostProcessor : Autowired annotation is not supported on static fields: private static com.timelineofwealth.repositories.StockQuarterRepository com.timelineofwealth.service.CommonService.stockQuarterRepository
2024-04-04 05:21:09.833  WARN 8592 --- [restartedMain] f.a.AutowiredAnnotationBeanPostProcessor : Autowired annotation is not supported on static fields: private static com.timelineofwealth.repositories.DailyDataSRepository com.timelineofwealth.service.CommonService.dailyDataSRepository
2024-04-04 05:21:09.833  WARN 8592 --- [restartedMain] f.a.AutowiredAnnotationBeanPostProcessor : Autowired annotation is not supported on static fields: private static com.timelineofwealth.repositories.DailyDataBRepository com.timelineofwealth.service.CommonService.dailyDataBRepository
2024-04-04 05:21:09.833  WARN 8592 --- [restartedMain] f.a.AutowiredAnnotationBeanPostProcessor : Autowired annotation is not supported on static fields: private static com.timelineofwealth.repositories.StockPriceMovementRepository com.timelineofwealth.service.CommonService.stockPriceMovementRepository
2024-04-04 05:21:09.833  WARN 8592 --- [restartedMain] f.a.AutowiredAnnotationBeanPostProcessor : Autowired annotation is not supported on static fields: private static com.timelineofwealth.repositories.SetupDatesRepository com.timelineofwealth.service.CommonService.setupDatesRepository
2024-04-04 05:21:09.849  WARN 8592 --- [restartedMain] f.a.AutowiredAnnotationBeanPostProcessor : Autowired annotation is not supported on static fields: private static com.timelineofwealth.repositories.IndexValuationRepository com.timelineofwealth.service.CommonService.indexValuationRepository
2024-04-04 05:21:09.849  WARN 8592 --- [restartedMain] f.a.AutowiredAnnotationBeanPostProcessor : Autowired annotation is not supported on static fields: private static com.timelineofwealth.repositories.IndexStatisticsRepository com.timelineofwealth.service.CommonService.indexStatisticsRepository
2024-04-04 05:21:09.849  WARN 8592 --- [restartedMain] f.a.AutowiredAnnotationBeanPostProcessor : Autowired annotation is not supported on static fields: private static com.timelineofwealth.repositories.StockPriceMovementHistoryRepository com.timelineofwealth.service.CommonService.stockPriceMovementHistoryRepository
2024-04-04 05:21:09.849  WARN 8592 --- [restartedMain] f.a.AutowiredAnnotationBeanPostProcessor : Autowired annotation is not supported on static fields: private static com.timelineofwealth.repositories.BenchmarkTwrrMonthlyRepository com.timelineofwealth.service.CommonService.benchmarkTwrrMonthlyRepository
2024-04-04 05:21:09.849  WARN 8592 --- [restartedMain] f.a.AutowiredAnnotationBeanPostProcessor : Autowired annotation is not supported on static fields: private static com.timelineofwealth.repositories.BenchmarkTwrrSummaryRepository com.timelineofwealth.service.CommonService.benchmarkTwrrSummaryRepository
2024-04-04 05:21:10.146  WARN 8592 --- [restartedMain] f.a.AutowiredAnnotationBeanPostProcessor : Autowired annotation is not supported on static fields: private static com.timelineofwealth.repositories.UserMembersRepository com.timelineofwealth.service.GeneratePDFReport.userMembersRepository
2024-04-04 05:21:10.146  WARN 8592 --- [restartedMain] f.a.AutowiredAnnotationBeanPostProcessor : Autowired annotation is not supported on static fields: private static com.timelineofwealth.repositories.MemberRepository com.timelineofwealth.service.GeneratePDFReport.memberRepository
2024-04-04 05:21:10.146  WARN 8592 --- [restartedMain] f.a.AutowiredAnnotationBeanPostProcessor : Autowired annotation is not supported on static fields: private static com.timelineofwealth.repositories.AdviserUserMappingRepository com.timelineofwealth.service.GeneratePDFReport.adviserUserMappingRepository
2024-04-04 05:21:10.146  WARN 8592 --- [restartedMain] f.a.AutowiredAnnotationBeanPostProcessor : Autowired annotation is not supported on static fields: private static com.timelineofwealth.repositories.PortfolioRepository com.timelineofwealth.service.GeneratePDFReport.portfolioRepository
2024-04-04 05:21:10.146  WARN 8592 --- [restartedMain] f.a.AutowiredAnnotationBeanPostProcessor : Autowired annotation is not supported on static fields: private static com.timelineofwealth.repositories.PortfolioHoldingsRepository com.timelineofwealth.service.GeneratePDFReport.portfolioHoldingsRepository
2024-04-04 05:21:10.146  WARN 8592 --- [restartedMain] f.a.AutowiredAnnotationBeanPostProcessor : Autowired annotation is not supported on static fields: private static com.timelineofwealth.repositories.PortfolioHistoricalHoldingsRepository com.timelineofwealth.service.GeneratePDFReport.portfolioHistoricalHoldingsRepository
2024-04-04 05:21:10.146  WARN 8592 --- [restartedMain] f.a.AutowiredAnnotationBeanPostProcessor : Autowired annotation is not supported on static fields: private static com.timelineofwealth.repositories.PortfolioCashflowRepository com.timelineofwealth.service.GeneratePDFReport.portfolioCashflowRepository
2024-04-04 05:21:10.146  WARN 8592 --- [restartedMain] f.a.AutowiredAnnotationBeanPostProcessor : Autowired annotation is not supported on static fields: private static com.timelineofwealth.repositories.PortfolioReturnsCalculationSupportRepository com.timelineofwealth.service.GeneratePDFReport.portfolioReturnsCalculationSupportRepository
2024-04-04 05:21:10.146  WARN 8592 --- [restartedMain] f.a.AutowiredAnnotationBeanPostProcessor : Autowired annotation is not supported on static fields: private static com.timelineofwealth.repositories.PortfolioTwrrMonthlyRepository com.timelineofwealth.service.GeneratePDFReport.portfolioTwrrMonthlyRepository
2024-04-04 05:21:10.146  WARN 8592 --- [restartedMain] f.a.AutowiredAnnotationBeanPostProcessor : Autowired annotation is not supported on static fields: private static com.timelineofwealth.repositories.PortfolioTwrrSummaryRepository com.timelineofwealth.service.GeneratePDFReport.portfolioTwrrSummaryRepository
2024-04-04 05:21:10.146  WARN 8592 --- [restartedMain] f.a.AutowiredAnnotationBeanPostProcessor : Autowired annotation is not supported on static fields: private static com.timelineofwealth.repositories.BenchmarkTwrrSummaryRepository com.timelineofwealth.service.GeneratePDFReport.benchmarkTwrrSummaryRepository
2024-04-04 05:21:10.146  WARN 8592 --- [restartedMain] f.a.AutowiredAnnotationBeanPostProcessor : Autowired annotation is not supported on static fields: private static com.timelineofwealth.repositories.BenchmarkTwrrMonthlyRepository com.timelineofwealth.service.GeneratePDFReport.benchmarkTwrrMonthlyRepository
2024-04-04 05:21:10.146  WARN 8592 --- [restartedMain] f.a.AutowiredAnnotationBeanPostProcessor : Autowired annotation is not supported on static fields: private static com.timelineofwealth.repositories.CompositeRepository com.timelineofwealth.service.GeneratePDFReport.compositeRepository
2024-04-04 05:21:10.318  WARN 8592 --- [restartedMain] f.a.AutowiredAnnotationBeanPostProcessor : Autowired annotation is not supported on static fields: private static com.timelineofwealth.repositories.IncomeExpenseSavingsRepository com.timelineofwealth.service.IncomeExpenseSavingsService.incomeExpenseSavingsRepository
2024-04-04 05:21:10.334  WARN 8592 --- [restartedMain] f.a.AutowiredAnnotationBeanPostProcessor : Autowired annotation is not supported on static fields: private static com.timelineofwealth.repositories.IndexValuationRepository com.timelineofwealth.service.IndexService.indexValuationRepository
2024-04-04 05:21:10.334  WARN 8592 --- [restartedMain] f.a.AutowiredAnnotationBeanPostProcessor : Autowired annotation is not supported on static fields: private static com.timelineofwealth.repositories.IndexMonthlyReturnsRepository com.timelineofwealth.service.IndexService.indexMonthlyReturnsRepository
2024-04-04 05:21:10.334  WARN 8592 --- [restartedMain] f.a.AutowiredAnnotationBeanPostProcessor : Autowired annotation is not supported on static fields: private static com.timelineofwealth.repositories.IndexStatisticsRepository com.timelineofwealth.service.IndexService.indexStatisticsRepository
2024-04-04 05:21:10.381  WARN 8592 --- [restartedMain] f.a.AutowiredAnnotationBeanPostProcessor : Autowired annotation is not supported on static fields: private static com.timelineofwealth.repositories.InsuranceRepository com.timelineofwealth.service.InsuranceService.insuranceRepository
2024-04-04 05:21:10.412  WARN 8592 --- [restartedMain] f.a.AutowiredAnnotationBeanPostProcessor : Autowired annotation is not supported on static fields: private static com.timelineofwealth.repositories.LiabilityRepository com.timelineofwealth.service.LiabilityService.liabilityRepository
2024-04-04 05:21:10.427  WARN 8592 --- [restartedMain] f.a.AutowiredAnnotationBeanPostProcessor : Autowired annotation is not supported on static fields: private static com.timelineofwealth.repositories.LiquidityRepository com.timelineofwealth.service.LiquidityService.liquidityRepository
2024-04-04 05:21:10.459  WARN 8592 --- [restartedMain] f.a.AutowiredAnnotationBeanPostProcessor : Autowired annotation is not supported on static fields: private static com.timelineofwealth.repositories.MemberRepository com.timelineofwealth.service.MemberService.memberRepository
2024-04-04 05:21:10.459  WARN 8592 --- [restartedMain] f.a.AutowiredAnnotationBeanPostProcessor : Autowired annotation is not supported on static fields: private static com.timelineofwealth.repositories.UserMembersRepository com.timelineofwealth.service.MemberService.userMembersRepository
2024-04-04 05:21:10.474  WARN 8592 --- [restartedMain] f.a.AutowiredAnnotationBeanPostProcessor : Autowired annotation is not supported on static fields: private static com.timelineofwealth.repositories.PortfolioRepository com.timelineofwealth.service.PortfolioService.portfolioRepository
2024-04-04 05:21:10.474  WARN 8592 --- [restartedMain] f.a.AutowiredAnnotationBeanPostProcessor : Autowired annotation is not supported on static fields: private static com.timelineofwealth.repositories.PortfolioHoldingsRepository com.timelineofwealth.service.PortfolioService.portfolioHoldingsRepository
2024-04-04 05:21:10.474  WARN 8592 --- [restartedMain] f.a.AutowiredAnnotationBeanPostProcessor : Autowired annotation is not supported on static fields: private static com.timelineofwealth.repositories.PortfolioHistoricalHoldingsRepository com.timelineofwealth.service.PortfolioService.portfolioHistoricalHoldingsRepository
2024-04-04 05:21:10.474  WARN 8592 --- [restartedMain] f.a.AutowiredAnnotationBeanPostProcessor : Autowired annotation is not supported on static fields: private static com.timelineofwealth.repositories.PortfolioCashflowRepository com.timelineofwealth.service.PortfolioService.portfolioCashflowRepository
2024-04-04 05:21:10.474  WARN 8592 --- [restartedMain] f.a.AutowiredAnnotationBeanPostProcessor : Autowired annotation is not supported on static fields: private static com.timelineofwealth.repositories.PortfolioReturnsCalculationSupportRepository com.timelineofwealth.service.PortfolioService.portfolioReturnsCalculationSupportRepository
2024-04-04 05:21:10.474  WARN 8592 --- [restartedMain] f.a.AutowiredAnnotationBeanPostProcessor : Autowired annotation is not supported on static fields: private static com.timelineofwealth.repositories.PortfolioTwrrMonthlyRepository com.timelineofwealth.service.PortfolioService.portfolioTwrrMonthlyRepository
2024-04-04 05:21:10.474  WARN 8592 --- [restartedMain] f.a.AutowiredAnnotationBeanPostProcessor : Autowired annotation is not supported on static fields: private static com.timelineofwealth.repositories.PortfolioTwrrSummaryRepository com.timelineofwealth.service.PortfolioService.portfolioTwrrSummaryRepository
2024-04-04 05:21:10.474  WARN 8592 --- [restartedMain] f.a.AutowiredAnnotationBeanPostProcessor : Autowired annotation is not supported on static fields: private static com.timelineofwealth.repositories.SipRepository com.timelineofwealth.service.SipService.sipRepository
2024-04-04 05:21:10.474  WARN 8592 --- [restartedMain] f.a.AutowiredAnnotationBeanPostProcessor : Autowired annotation is not supported on static fields: private static com.timelineofwealth.repositories.MutualFundUniverseRepository com.timelineofwealth.service.SipService.mutualFundUniverseRepository
2024-04-04 05:21:10.506  WARN 8592 --- [restartedMain] f.a.AutowiredAnnotationBeanPostProcessor : Autowired annotation is not supported on static fields: private static com.timelineofwealth.repositories.WealthDetailsRepository com.timelineofwealth.service.WealthDetailsService.wealthDetailsRepository
2024-04-04 05:21:10.506  WARN 8592 --- [restartedMain] f.a.AutowiredAnnotationBeanPostProcessor : Autowired annotation is not supported on static fields: private static com.timelineofwealth.repositories.WealthHistoryRepository com.timelineofwealth.service.WealthDetailsService.wealthHistoryRepository
2024-04-04 05:21:10.506  WARN 8592 --- [restartedMain] f.a.AutowiredAnnotationBeanPostProcessor : Autowired annotation is not supported on static fields: private static com.timelineofwealth.repositories.WealthAssetAllocationHistoryRepository com.timelineofwealth.service.WealthDetailsService.wealthAssetAllocationHistoryRepository
2024-04-04 05:21:10.896  INFO 8592 --- [restartedMain] o.s.s.web.DefaultSecurityFilterChain     : Creating filter chain: Ant [pattern='/resources/**'], []
2024-04-04 05:21:10.896  INFO 8592 --- [restartedMain] o.s.s.web.DefaultSecurityFilterChain     : Creating filter chain: Ant [pattern='/vendors/**'], []
2024-04-04 05:21:10.896  INFO 8592 --- [restartedMain] o.s.s.web.DefaultSecurityFilterChain     : Creating filter chain: Ant [pattern='/custom/**'], []
2024-04-04 05:21:10.896  INFO 8592 --- [restartedMain] o.s.s.web.DefaultSecurityFilterChain     : Creating filter chain: Ant [pattern='/images/**'], []
2024-04-04 05:21:10.912  INFO 8592 --- [restartedMain] o.s.s.web.DefaultSecurityFilterChain     : Creating filter chain: org.springframework.security.web.util.matcher.AnyRequestMatcher@1, [org.springframework.security.web.context.request.async.WebAsyncManagerIntegrationFilter@1df9ac55, org.springframework.security.web.context.SecurityContextPersistenceFilter@108908eb, org.springframework.security.web.header.HeaderWriterFilter@1f511453, org.springframework.security.web.authentication.logout.LogoutFilter@deed652, org.springframework.security.web.authentication.UsernamePasswordAuthenticationFilter@13fb7778, org.springframework.security.web.savedrequest.RequestCacheAwareFilter@2023c686, org.springframework.security.web.servletapi.SecurityContextHolderAwareRequestFilter@3747bd5d, org.springframework.security.web.authentication.AnonymousAuthenticationFilter@319cd7a8, org.springframework.security.web.session.SessionManagementFilter@3272689, org.springframework.security.web.access.ExceptionTranslationFilter@48af16ba, org.springframework.security.web.access.intercept.FilterSecurityInterceptor@31237419]
2024-04-04 05:21:11.037  WARN 8592 --- [restartedMain] aWebConfiguration$JpaWebMvcConfiguration : spring.jpa.open-in-view is enabled by default. Therefore, database queries may be performed during view rendering. Explicitly configure spring.jpa.open-in-view to disable this warning
2024-04-04 05:21:11.350  INFO 8592 --- [restartedMain] o.s.d.r.w.RepositoryRestHandlerAdapter   : Looking for @ControllerAdvice: org.springframework.boot.web.servlet.context.AnnotationConfigServletWebServerApplicationContext@33272b38: startup date [Thu Apr 04 05:21:02 IST 2024]; root of context hierarchy
2024-04-04 05:21:11.365  INFO 8592 --- [restartedMain] o.s.d.r.w.RepositoryRestHandlerMapping   : Mapped "{[/{repository}/search],methods=[HEAD],produces=[application/hal+json || application/json]}" onto public org.springframework.http.HttpEntity<?> org.springframework.data.rest.webmvc.RepositorySearchController.headForSearches(org.springframework.data.rest.webmvc.RootResourceInformation)
2024-04-04 05:21:11.365  INFO 8592 --- [restartedMain] o.s.d.r.w.RepositoryRestHandlerMapping   : Mapped "{[/{repository}/search/{search}],methods=[GET],produces=[application/hal+json || application/json]}" onto public org.springframework.http.ResponseEntity<?> org.springframework.data.rest.webmvc.RepositorySearchController.executeSearch(org.springframework.data.rest.webmvc.RootResourceInformation,org.springframework.util.MultiValueMap<java.lang.String, java.lang.Object>,java.lang.String,org.springframework.data.rest.webmvc.support.DefaultedPageable,org.springframework.data.domain.Sort,org.springframework.data.rest.webmvc.PersistentEntityResourceAssembler,org.springframework.http.HttpHeaders)
2024-04-04 05:21:11.365  INFO 8592 --- [restartedMain] o.s.d.r.w.RepositoryRestHandlerMapping   : Mapped "{[/{repository}/search/{search}],methods=[OPTIONS],produces=[application/hal+json || application/json]}" onto public org.springframework.http.ResponseEntity<java.lang.Object> org.springframework.data.rest.webmvc.RepositorySearchController.optionsForSearch(org.springframework.data.rest.webmvc.RootResourceInformation,java.lang.String)
2024-04-04 05:21:11.365  INFO 8592 --- [restartedMain] o.s.d.r.w.RepositoryRestHandlerMapping   : Mapped "{[/{repository}/search/{search}],methods=[HEAD],produces=[application/hal+json || application/json]}" onto public org.springframework.http.ResponseEntity<java.lang.Object> org.springframework.data.rest.webmvc.RepositorySearchController.headForSearch(org.springframework.data.rest.webmvc.RootResourceInformation,java.lang.String)
2024-04-04 05:21:11.365  INFO 8592 --- [restartedMain] o.s.d.r.w.RepositoryRestHandlerMapping   : Mapped "{[/{repository}/search],methods=[GET],produces=[application/hal+json || application/json]}" onto public org.springframework.data.rest.webmvc.RepositorySearchesResource org.springframework.data.rest.webmvc.RepositorySearchController.listSearches(org.springframework.data.rest.webmvc.RootResourceInformation)
2024-04-04 05:21:11.365  INFO 8592 --- [restartedMain] o.s.d.r.w.RepositoryRestHandlerMapping   : Mapped "{[/{repository}/search/{search}],methods=[GET],produces=[application/x-spring-data-compact+json]}" onto public org.springframework.hateoas.ResourceSupport org.springframework.data.rest.webmvc.RepositorySearchController.executeSearchCompact(org.springframework.data.rest.webmvc.RootResourceInformation,org.springframework.http.HttpHeaders,org.springframework.util.MultiValueMap<java.lang.String, java.lang.Object>,java.lang.String,java.lang.String,org.springframework.data.rest.webmvc.support.DefaultedPageable,org.springframework.data.domain.Sort,org.springframework.data.rest.webmvc.PersistentEntityResourceAssembler)
2024-04-04 05:21:11.365  INFO 8592 --- [restartedMain] o.s.d.r.w.RepositoryRestHandlerMapping   : Mapped "{[/{repository}/search],methods=[OPTIONS],produces=[application/hal+json || application/json]}" onto public org.springframework.http.HttpEntity<?> org.springframework.data.rest.webmvc.RepositorySearchController.optionsForSearches(org.springframework.data.rest.webmvc.RootResourceInformation)
2024-04-04 05:21:11.365  INFO 8592 --- [restartedMain] o.s.d.r.w.RepositoryRestHandlerMapping   : Mapped "{[/{repository}/{id}/{property}],methods=[DELETE],produces=[application/hal+json || application/json]}" onto public org.springframework.http.ResponseEntity<? extends org.springframework.hateoas.ResourceSupport> org.springframework.data.rest.webmvc.RepositoryPropertyReferenceController.deletePropertyReference(org.springframework.data.rest.webmvc.RootResourceInformation,java.io.Serializable,java.lang.String) throws java.lang.Exception
2024-04-04 05:21:11.365  INFO 8592 --- [restartedMain] o.s.d.r.w.RepositoryRestHandlerMapping   : Mapped "{[/{repository}/{id}/{property}],methods=[GET],produces=[application/x-spring-data-compact+json || text/uri-list]}" onto public org.springframework.http.ResponseEntity<org.springframework.hateoas.ResourceSupport> org.springframework.data.rest.webmvc.RepositoryPropertyReferenceController.followPropertyReferenceCompact(org.springframework.data.rest.webmvc.RootResourceInformation,java.io.Serializable,java.lang.String,org.springframework.data.rest.webmvc.PersistentEntityResourceAssembler) throws java.lang.Exception
2024-04-04 05:21:11.381  INFO 8592 --- [restartedMain] o.s.d.r.w.RepositoryRestHandlerMapping   : Mapped "{[/{repository}/{id}/{property}],methods=[PATCH || PUT || POST],consumes=[application/json || application/x-spring-data-compact+json || text/uri-list],produces=[application/hal+json || application/json]}" onto public org.springframework.http.ResponseEntity<? extends org.springframework.hateoas.ResourceSupport> org.springframework.data.rest.webmvc.RepositoryPropertyReferenceController.createPropertyReference(org.springframework.data.rest.webmvc.RootResourceInformation,org.springframework.http.HttpMethod,org.springframework.hateoas.Resources<java.lang.Object>,java.io.Serializable,java.lang.String) throws java.lang.Exception
2024-04-04 05:21:11.381  INFO 8592 --- [restartedMain] o.s.d.r.w.RepositoryRestHandlerMapping   : Mapped "{[/{repository}/{id}/{property}/{propertyId}],methods=[DELETE],produces=[application/hal+json || application/json]}" onto public org.springframework.http.ResponseEntity<org.springframework.hateoas.ResourceSupport> org.springframework.data.rest.webmvc.RepositoryPropertyReferenceController.deletePropertyReferenceId(org.springframework.data.rest.webmvc.RootResourceInformation,java.io.Serializable,java.lang.String,java.lang.String) throws java.lang.Exception
2024-04-04 05:21:11.381  INFO 8592 --- [restartedMain] o.s.d.r.w.RepositoryRestHandlerMapping   : Mapped "{[/{repository}/{id}/{property}/{propertyId}],methods=[GET],produces=[application/hal+json || application/json]}" onto public org.springframework.http.ResponseEntity<org.springframework.hateoas.ResourceSupport> org.springframework.data.rest.webmvc.RepositoryPropertyReferenceController.followPropertyReference(org.springframework.data.rest.webmvc.RootResourceInformation,java.io.Serializable,java.lang.String,java.lang.String,org.springframework.data.rest.webmvc.PersistentEntityResourceAssembler) throws java.lang.Exception
2024-04-04 05:21:11.381  INFO 8592 --- [restartedMain] o.s.d.r.w.RepositoryRestHandlerMapping   : Mapped "{[/{repository}/{id}/{property}],methods=[GET],produces=[application/hal+json || application/json]}" onto public org.springframework.http.ResponseEntity<org.springframework.hateoas.ResourceSupport> org.springframework.data.rest.webmvc.RepositoryPropertyReferenceController.followPropertyReference(org.springframework.data.rest.webmvc.RootResourceInformation,java.io.Serializable,java.lang.String,org.springframework.data.rest.webmvc.PersistentEntityResourceAssembler) throws java.lang.Exception
2024-04-04 05:21:11.381  INFO 8592 --- [restartedMain] o.s.d.r.w.RepositoryRestHandlerMapping   : Mapped "{[/ || ],methods=[GET],produces=[application/hal+json || application/json]}" onto public org.springframework.http.HttpEntity<org.springframework.data.rest.webmvc.RepositoryLinksResource> org.springframework.data.rest.webmvc.RepositoryController.listRepositories()
2024-04-04 05:21:11.381  INFO 8592 --- [restartedMain] o.s.d.r.w.RepositoryRestHandlerMapping   : Mapped "{[/ || ],methods=[HEAD],produces=[application/hal+json || application/json]}" onto public org.springframework.http.ResponseEntity<?> org.springframework.data.rest.webmvc.RepositoryController.headForRepositories()
2024-04-04 05:21:11.381  INFO 8592 --- [restartedMain] o.s.d.r.w.RepositoryRestHandlerMapping   : Mapped "{[/ || ],methods=[OPTIONS],produces=[application/hal+json || application/json]}" onto public org.springframework.http.HttpEntity<?> org.springframework.data.rest.webmvc.RepositoryController.optionsForRepositories()
2024-04-04 05:21:11.381  INFO 8592 --- [restartedMain] o.s.d.r.w.RepositoryRestHandlerMapping   : Mapped "{[/{repository}/{id}],methods=[PUT],produces=[application/hal+json || application/json]}" onto public org.springframework.http.ResponseEntity<? extends org.springframework.hateoas.ResourceSupport> org.springframework.data.rest.webmvc.RepositoryEntityController.putItemResource(org.springframework.data.rest.webmvc.RootResourceInformation,org.springframework.data.rest.webmvc.PersistentEntityResource,java.io.Serializable,org.springframework.data.rest.webmvc.PersistentEntityResourceAssembler,org.springframework.data.rest.webmvc.support.ETag,java.lang.String) throws org.springframework.web.HttpRequestMethodNotSupportedException
2024-04-04 05:21:11.396  INFO 8592 --- [restartedMain] o.s.d.r.w.RepositoryRestHandlerMapping   : Mapped "{[/{repository}/{id}],methods=[GET],produces=[application/hal+json || application/json]}" onto public org.springframework.http.ResponseEntity<org.springframework.hateoas.Resource<?>> org.springframework.data.rest.webmvc.RepositoryEntityController.getItemResource(org.springframework.data.rest.webmvc.RootResourceInformation,java.io.Serializable,org.springframework.data.rest.webmvc.PersistentEntityResourceAssembler,org.springframework.http.HttpHeaders) throws org.springframework.web.HttpRequestMethodNotSupportedException
2024-04-04 05:21:11.396  INFO 8592 --- [restartedMain] o.s.d.r.w.RepositoryRestHandlerMapping   : Mapped "{[/{repository}/{id}],methods=[PATCH],produces=[application/hal+json || application/json]}" onto public org.springframework.http.ResponseEntity<org.springframework.hateoas.ResourceSupport> org.springframework.data.rest.webmvc.RepositoryEntityController.patchItemResource(org.springframework.data.rest.webmvc.RootResourceInformation,org.springframework.data.rest.webmvc.PersistentEntityResource,java.io.Serializable,org.springframework.data.rest.webmvc.PersistentEntityResourceAssembler,org.springframework.data.rest.webmvc.support.ETag,java.lang.String) throws org.springframework.web.HttpRequestMethodNotSupportedException,org.springframework.data.rest.webmvc.ResourceNotFoundException
2024-04-04 05:21:11.396  INFO 8592 --- [restartedMain] o.s.d.r.w.RepositoryRestHandlerMapping   : Mapped "{[/{repository}/{id}],methods=[OPTIONS],produces=[application/hal+json || application/json]}" onto public org.springframework.http.ResponseEntity<?> org.springframework.data.rest.webmvc.RepositoryEntityController.optionsForItemResource(org.springframework.data.rest.webmvc.RootResourceInformation)
2024-04-04 05:21:11.396  INFO 8592 --- [restartedMain] o.s.d.r.w.RepositoryRestHandlerMapping   : Mapped "{[/{repository}],methods=[HEAD],produces=[application/hal+json || application/json]}" onto public org.springframework.http.ResponseEntity<?> org.springframework.data.rest.webmvc.RepositoryEntityController.headCollectionResource(org.springframework.data.rest.webmvc.RootResourceInformation,org.springframework.data.rest.webmvc.support.DefaultedPageable) throws org.springframework.web.HttpRequestMethodNotSupportedException
2024-04-04 05:21:11.396  INFO 8592 --- [restartedMain] o.s.d.r.w.RepositoryRestHandlerMapping   : Mapped "{[/{repository}/{id}],methods=[DELETE],produces=[application/hal+json || application/json]}" onto public org.springframework.http.ResponseEntity<?> org.springframework.data.rest.webmvc.RepositoryEntityController.deleteItemResource(org.springframework.data.rest.webmvc.RootResourceInformation,java.io.Serializable,org.springframework.data.rest.webmvc.support.ETag) throws org.springframework.data.rest.webmvc.ResourceNotFoundException,org.springframework.web.HttpRequestMethodNotSupportedException
2024-04-04 05:21:11.396  INFO 8592 --- [restartedMain] o.s.d.r.w.RepositoryRestHandlerMapping   : Mapped "{[/{repository}],methods=[GET],produces=[application/hal+json || application/json]}" onto public org.springframework.hateoas.Resources<?> org.springframework.data.rest.webmvc.RepositoryEntityController.getCollectionResource(org.springframework.data.rest.webmvc.RootResourceInformation,org.springframework.data.rest.webmvc.support.DefaultedPageable,org.springframework.data.domain.Sort,org.springframework.data.rest.webmvc.PersistentEntityResourceAssembler) throws org.springframework.data.rest.webmvc.ResourceNotFoundException,org.springframework.web.HttpRequestMethodNotSupportedException
2024-04-04 05:21:11.396  INFO 8592 --- [restartedMain] o.s.d.r.w.RepositoryRestHandlerMapping   : Mapped "{[/{repository}],methods=[POST],produces=[application/hal+json || application/json]}" onto public org.springframework.http.ResponseEntity<org.springframework.hateoas.ResourceSupport> org.springframework.data.rest.webmvc.RepositoryEntityController.postCollectionResource(org.springframework.data.rest.webmvc.RootResourceInformation,org.springframework.data.rest.webmvc.PersistentEntityResource,org.springframework.data.rest.webmvc.PersistentEntityResourceAssembler,java.lang.String) throws org.springframework.web.HttpRequestMethodNotSupportedException
2024-04-04 05:21:11.412  INFO 8592 --- [restartedMain] o.s.d.r.w.RepositoryRestHandlerMapping   : Mapped "{[/{repository}],methods=[OPTIONS],produces=[application/hal+json || application/json]}" onto public org.springframework.http.ResponseEntity<?> org.springframework.data.rest.webmvc.RepositoryEntityController.optionsForCollectionResource(org.springframework.data.rest.webmvc.RootResourceInformation)
2024-04-04 05:21:11.412  INFO 8592 --- [restartedMain] o.s.d.r.w.RepositoryRestHandlerMapping   : Mapped "{[/{repository}],methods=[GET],produces=[application/x-spring-data-compact+json || text/uri-list]}" onto public org.springframework.hateoas.Resources<?> org.springframework.data.rest.webmvc.RepositoryEntityController.getCollectionResourceCompact(org.springframework.data.rest.webmvc.RootResourceInformation,org.springframework.data.rest.webmvc.support.DefaultedPageable,org.springframework.data.domain.Sort,org.springframework.data.rest.webmvc.PersistentEntityResourceAssembler) throws org.springframework.data.rest.webmvc.ResourceNotFoundException,org.springframework.web.HttpRequestMethodNotSupportedException
2024-04-04 05:21:11.412  INFO 8592 --- [restartedMain] o.s.d.r.w.RepositoryRestHandlerMapping   : Mapped "{[/{repository}/{id}],methods=[HEAD],produces=[application/hal+json || application/json]}" onto public org.springframework.http.ResponseEntity<?> org.springframework.data.rest.webmvc.RepositoryEntityController.headForItemResource(org.springframework.data.rest.webmvc.RootResourceInformation,java.io.Serializable,org.springframework.data.rest.webmvc.PersistentEntityResourceAssembler) throws org.springframework.web.HttpRequestMethodNotSupportedException
2024-04-04 05:21:11.412  INFO 8592 --- [restartedMain] o.s.d.r.w.BasePathAwareHandlerMapping    : Mapped "{[/profile/{repository}],methods=[GET],produces=[application/schema+json]}" onto public org.springframework.http.HttpEntity<org.springframework.data.rest.webmvc.json.JsonSchema> org.springframework.data.rest.webmvc.RepositorySchemaController.schema(org.springframework.data.rest.webmvc.RootResourceInformation)
2024-04-04 05:21:11.412  INFO 8592 --- [restartedMain] o.s.d.r.w.BasePathAwareHandlerMapping    : Mapped "{[/profile/{repository}],methods=[GET],produces=[application/alps+json || */*]}" onto org.springframework.http.HttpEntity<org.springframework.data.rest.webmvc.RootResourceInformation> org.springframework.data.rest.webmvc.alps.AlpsController.descriptor(org.springframework.data.rest.webmvc.RootResourceInformation)
2024-04-04 05:21:11.412  INFO 8592 --- [restartedMain] o.s.d.r.w.BasePathAwareHandlerMapping    : Mapped "{[/profile/{repository}],methods=[OPTIONS],produces=[application/alps+json]}" onto org.springframework.http.HttpEntity<?> org.springframework.data.rest.webmvc.alps.AlpsController.alpsOptions()
2024-04-04 05:21:11.412  INFO 8592 --- [restartedMain] o.s.d.r.w.BasePathAwareHandlerMapping    : Mapped "{[/profile],methods=[OPTIONS]}" onto public org.springframework.http.HttpEntity<?> org.springframework.data.rest.webmvc.ProfileController.profileOptions()
2024-04-04 05:21:11.412  INFO 8592 --- [restartedMain] o.s.d.r.w.BasePathAwareHandlerMapping    : Mapped "{[/profile],methods=[GET]}" onto org.springframework.http.HttpEntity<org.springframework.hateoas.ResourceSupport> org.springframework.data.rest.webmvc.ProfileController.listAllFormsOfMetadata()
2024-04-04 05:21:13.521  INFO 8592 --- [restartedMain] o.s.b.d.a.OptionalLiveReloadServer       : LiveReload server is running on port 35729
2024-04-04 05:21:13.521  INFO 8592 --- [restartedMain] o.s.b.a.e.web.EndpointLinksResolver      : Exposing 2 endpoint(s) beneath base path '/actuator'
2024-04-04 05:21:13.521  INFO 8592 --- [restartedMain] s.b.a.e.w.s.WebMvcEndpointHandlerMapping : Mapped "{[/actuator/health],methods=[GET],produces=[application/vnd.spring-boot.actuator.v2+json || application/json]}" onto public java.lang.Object org.springframework.boot.actuate.endpoint.web.servlet.AbstractWebMvcEndpointHandlerMapping$OperationHandler.handle(javax.servlet.http.HttpServletRequest,java.util.Map<java.lang.String, java.lang.String>)
2024-04-04 05:21:13.521  INFO 8592 --- [restartedMain] s.b.a.e.w.s.WebMvcEndpointHandlerMapping : Mapped "{[/actuator/info],methods=[GET],produces=[application/vnd.spring-boot.actuator.v2+json || application/json]}" onto public java.lang.Object org.springframework.boot.actuate.endpoint.web.servlet.AbstractWebMvcEndpointHandlerMapping$OperationHandler.handle(javax.servlet.http.HttpServletRequest,java.util.Map<java.lang.String, java.lang.String>)
2024-04-04 05:21:13.521  INFO 8592 --- [restartedMain] s.b.a.e.w.s.WebMvcEndpointHandlerMapping : Mapped "{[/actuator],methods=[GET],produces=[application/vnd.spring-boot.actuator.v2+json || application/json]}" onto protected java.util.Map<java.lang.String, java.util.Map<java.lang.String, org.springframework.boot.actuate.endpoint.web.Link>> org.springframework.boot.actuate.endpoint.web.servlet.WebMvcEndpointHandlerMapping.links(javax.servlet.http.HttpServletRequest,javax.servlet.http.HttpServletResponse)
2024-04-04 05:21:13.553  INFO 8592 --- [restartedMain] o.s.j.e.a.AnnotationMBeanExporter        : Registering beans for JMX exposure on startup
2024-04-04 05:21:13.553  INFO 8592 --- [restartedMain] o.s.j.e.a.AnnotationMBeanExporter        : Bean with name 'dataSource' has been autodetected for JMX exposure
2024-04-04 05:21:13.568  INFO 8592 --- [restartedMain] o.s.j.e.a.AnnotationMBeanExporter        : Located MBean 'dataSource': registering with JMX server as MBean [com.zaxxer.hikari:name=dataSource,type=HikariDataSource]
2024-04-04 05:21:13.584  INFO 8592 --- [restartedMain] o.s.b.w.embedded.tomcat.TomcatWebServer  : Tomcat started on port(s): 80 (http) with context path ''
2024-04-04 05:21:13.584  INFO 8592 --- [restartedMain] c.t.w.WealthmanagementApplication        : Started WealthmanagementApplication in 11.391 seconds (JVM running for 26422.326)
2024-04-04 05:21:13.584  INFO 8592 --- [restartedMain] .ConditionEvaluationDeltaLoggingListener : Condition evaluation unchanged
2024-04-04 05:22:43.778  INFO 8592 --- [http-nio-80-exec-3] o.a.c.c.C.[Tomcat].[localhost].[/]       : Initializing Spring FrameworkServlet 'dispatcherServlet'
2024-04-04 05:22:43.800 DEBUG 8592 --- [http-nio-80-exec-3] c.t.controllers.PublicViewController     : Visited Homepage: IP - 185.224.128.38, browser - Hello World/1.0, OS - Windows 10
